[debug] > Exec(test, None, None)
[debug] Evaluating tasks: Test / test
[debug] Running task... Cancel: Signal, check cycles: false, forcegc: true
[info] compiling 1 Scala source to C:\Users\trist\OneDrive\Documents\EPF\4A\Semestre 2\Data processing developement\tp-main\data-engineering\tp-functional-programming-scala\target\scala-2.12\test-classes ...
[info] done compiling
[info] ClimateServiceTest:
[info] - containsWordGlobalWarming - non climate related words should return false
[info] - isClimateRelated - climate related words should return true
[info] - parseRawData
[info] - Min - Max
[info] - Min - Max by year
[info] - Min max difference
[info] - filterDecemberData
[info] Run completed in 448 milliseconds.
[info] Total number of tests run: 7
[info] Suites: completed 1, aborted 0
[info] Tests: succeeded 7, failed 0, canceled 0, ignored 0, pending 0
[info] All tests passed.
[success] Total time: 2 s, completed 14 avr. 2023, 00:45:56
[debug] > Exec(idea-shell, None, None)
